2020-12-26 16:43 INFO init
2020-12-26 16:43 INFO read_data
2020-12-26 16:43 ERROR Exception occurred when running.
Traceback (most recent call last):
  File "./batch.py", line 547, in main
    batch_data_dir, batch_out_dir = download_data(batch_date)
  File "./batch.py", line 204, in download_data
    case_fname = os.path.join(batch_data_dir, "case.csv")
NameError: name 'batch_data_dir' is not defined
2020-12-26 16:45 INFO init
2020-12-26 16:45 INFO read_data
2020-12-26 16:45 ERROR Exception occurred when running.
Traceback (most recent call last):
  File "./batch.py", line 547, in main
    batch_data_dir, batch_out_dir = download_data(batch_date)
  File "./batch.py", line 204, in download_data
    case_fname = os.path.join(batch_data_dir, "case.csv")
NameError: name 'batch_data_dir' is not defined
2020-12-26 16:46 INFO init
2020-12-26 16:46 ERROR Exception occurred when running.
Traceback (most recent call last):
  File "./batch.py", line 547, in main
    download_data(batch_data_dir)
NameError: name 'batch_data_dir' is not defined
2020-12-26 16:47 INFO init
2020-12-26 16:47 INFO read_data
2020-12-26 16:48 INFO Generate hk daily case line chart
2020-12-26 16:48 INFO Generate hk cumulative case line chart
2020-12-26 16:48 ERROR Exception occurred when running.
Traceback (most recent call last):
  File "./batch.py", line 551, in main
    gen_hk_admission_pie(batch_date, df_case, batch_out_dir)
TypeError: gen_hk_admission_pie() takes 2 positional arguments but 3 were given
2020-12-26 16:49 INFO init
2020-12-26 16:49 INFO read_data
2020-12-26 16:49 INFO Generate hk daily case line chart
2020-12-26 16:49 INFO Generate hk cumulative case line chart
2020-12-26 16:49 INFO Generate hk case admission pie chart
2020-12-26 16:49 ERROR Exception occurred when running.
Traceback (most recent call last):
  File "./batch.py", line 552, in main
    gen_hk_danger_zones(batch_date, 7, batch_out_dir)
TypeError: gen_hk_danger_zones() missing 1 required positional argument: 'batch_out_dir'
2020-12-26 16:50 INFO init
2020-12-26 16:50 INFO read_data
2020-12-26 16:50 INFO Generate hk daily case line chart
2020-12-26 16:50 INFO Generate hk cumulative case line chart
2020-12-26 16:50 INFO Generate hk case admission pie chart
2020-12-26 16:50 INFO Generate hk danger zone
2020-12-26 16:52 INFO Generate all district data 
2020-12-26 16:52 ERROR Exception occurred when running.
Traceback (most recent call last):
  File "./batch.py", line 554, in main
    gen_district_data(batch_date, df_case, df_loc, batch_out_dir)
  File "./batch.py", line 540, in gen_district_data
    gen_district_daily_and_cum_case(batch_date, i, batch_out_dir)
TypeError: gen_district_daily_and_cum_case() missing 1 required positional argument: 'batch_out_dir'
2020-12-26 16:53 INFO init
2020-12-26 16:53 INFO read_data
2020-12-26 16:54 INFO Generate hk daily case line chart
2020-12-26 16:54 INFO Generate hk cumulative case line chart
2020-12-26 16:54 INFO Generate hk case admission pie chart
2020-12-26 16:54 INFO Generate all district data 
2020-12-26 16:54 INFO Generate daily case for district: Central and Western
2020-12-26 16:54 INFO Generate cumulative case for district: Central and Western
2020-12-26 16:54 INFO Generate danger zone for district: Central and Western
2020-12-26 16:54 ERROR Exception occurred when running.
Traceback (most recent call last):
  File "./batch.py", line 554, in main
    gen_district_data(batch_date, df_case, df_loc, batch_out_dir)
  File "./batch.py", line 541, in gen_district_data
    gen_district_danger_zones(batch_date, i, df_loc, batch_out_dir)
  File "./batch.py", line 411, in gen_district_danger_zones
    by_date_exp = pd.Series(index=pd.date_range(loc_start_date, loc_end_date), data=0)
NameError: name 'loc_start_date' is not defined
2020-12-26 16:57 INFO init
2020-12-26 16:57 INFO read_data
2020-12-26 16:57 INFO Generate hk daily case line chart
2020-12-26 16:57 INFO Generate hk cumulative case line chart
2020-12-26 16:57 INFO Generate hk case admission pie chart
2020-12-26 16:57 INFO Generate hk danger zone
2020-12-26 16:58 INFO Generate all district data 
2020-12-26 16:58 INFO Generate daily case for district: Central and Western
2020-12-26 16:58 INFO Generate cumulative case for district: Central and Western
2020-12-26 16:58 INFO Generate danger zone for district: Central and Western
2020-12-26 16:58 INFO Generate danger zone animation for district: Central and Western
2020-12-26 16:58 ERROR Exception occurred when running.
Traceback (most recent call last):
  File "./batch.py", line 558, in main
    gen_district_data(batch_date, df_case, df_loc, batch_out_dir)
  File "./batch.py", line 545, in gen_district_data
    gen_district_danger_zones(batch_date, i, df_loc, batch_out_dir)
  File "./batch.py", line 452, in gen_district_danger_zones
    title = parse_zhch(district_zh_list[cur_district_idx] +  "新冠肺炎危險地區 (過往14天): ") + str_endday
NameError: name 'cur_district_idx' is not defined
2020-12-26 17:00 INFO init
2020-12-26 17:00 INFO read_data
2020-12-26 17:00 INFO Generate hk daily case line chart
2020-12-26 17:00 INFO Generate hk cumulative case line chart
2020-12-26 17:00 INFO Generate hk case admission pie chart
2020-12-26 17:00 INFO Generate all district data 
2020-12-26 17:00 INFO Generate daily case for district: Central and Western
2020-12-26 17:00 INFO Generate cumulative case for district: Central and Western
2020-12-26 17:00 INFO Generate danger zone for district: Central and Western
2020-12-26 17:00 INFO Generate danger zone animation for district: Central and Western
2020-12-26 17:01 INFO Generate daily case for district: Eastern
2020-12-26 17:01 INFO Generate cumulative case for district: Eastern
2020-12-26 17:01 INFO Generate danger zone for district: Eastern
2020-12-26 17:01 INFO Generate danger zone animation for district: Eastern
2020-12-26 17:16 INFO init
2020-12-26 17:16 INFO read_data
2020-12-26 17:16 INFO Generate hk daily case line chart
2020-12-26 17:16 INFO Generate hk cumulative case line chart
2020-12-26 17:16 INFO Generate hk case admission pie chart
2020-12-26 17:16 INFO Generate all district data 
2020-12-26 17:16 INFO Generate daily case for district: Central and Western
2020-12-26 17:16 INFO Generate cumulative case for district: Central and Western
2020-12-26 17:16 INFO Generate danger zone for district: Central and Western
2020-12-26 17:16 INFO Generate danger zone animation for district: Central and Western
2020-12-26 17:18 INFO Generate daily case for district: Eastern
2020-12-26 17:18 INFO Generate cumulative case for district: Eastern
2020-12-26 17:18 INFO Generate danger zone for district: Eastern
2020-12-26 17:18 INFO Generate danger zone animation for district: Eastern
2020-12-26 17:19 INFO Generate daily case for district: Southern
2020-12-26 17:19 INFO Generate cumulative case for district: Southern
2020-12-26 17:19 INFO Generate danger zone for district: Southern
2020-12-26 17:19 INFO Generate danger zone animation for district: Southern
2020-12-26 17:20 INFO Generate daily case for district: Wan Chai
2020-12-26 17:20 INFO Generate cumulative case for district: Wan Chai
2020-12-26 17:20 INFO Generate danger zone for district: Wan Chai
2020-12-26 17:20 INFO Generate danger zone animation for district: Wan Chai
2020-12-26 17:22 INFO init
2020-12-26 17:22 INFO read_data
2020-12-26 17:23 ERROR Exception occurred when running.
Traceback (most recent call last):
  File "./batch.py", line 559, in main
    df_case, df_loc = preprocess_data(batch_data_dir)
  File "./batch.py", line 238, in preprocess_data
    log.info("shit" + district_en)
NameError: name 'log' is not defined
2020-12-26 17:23 INFO init
2020-12-26 17:23 INFO read_data
2020-12-26 17:26 INFO init
2020-12-26 17:26 INFO read_data
2020-12-26 17:26 INFO Generate hk daily case line chart
2020-12-26 17:26 INFO Generate hk cumulative case line chart
2020-12-26 17:26 INFO Generate hk case admission pie chart
2020-12-26 17:26 INFO Generate all district data 
2020-12-26 17:26 INFO Generate daily case for district: Central and Western
2020-12-26 17:26 INFO Generate cumulative case for district: Central and Western
2020-12-26 17:26 INFO Generate danger zone for district: Central and Western
2020-12-26 17:26 INFO Generate danger zone animation for district: Central and Western
2020-12-26 17:27 INFO init
2020-12-26 17:27 INFO read_data
2020-12-26 17:27 INFO Generate hk daily case line chart
2020-12-26 17:27 INFO Generate hk cumulative case line chart
2020-12-26 17:27 INFO Generate hk case admission pie chart
2020-12-26 17:27 INFO Generate all district data 
2020-12-26 17:27 INFO Generate daily case for district: Central and Western
2020-12-26 17:27 INFO Generate cumulative case for district: Central and Western
2020-12-26 17:27 INFO Generate danger zone for district: Central and Western
2020-12-26 17:27 INFO Generate danger zone animation for district: Central and Western
2020-12-26 17:29 INFO init
2020-12-26 17:29 INFO read_data
2020-12-26 17:31 INFO init
2020-12-26 17:31 INFO read_data
2020-12-26 17:32 INFO init
2020-12-26 17:32 INFO read_data
2020-12-26 17:32 INFO Generate hk daily case line chart
2020-12-26 17:32 INFO Generate hk cumulative case line chart
2020-12-26 17:32 INFO Generate hk case admission pie chart
2020-12-26 17:32 INFO Generate all district data 
2020-12-26 17:32 INFO Generate daily case for district: Central and Western
2020-12-26 17:32 INFO Generate cumulative case for district: Central and Western
2020-12-26 17:32 INFO Generate danger zone for district: Central and Western
2020-12-26 17:32 INFO Generate danger zone animation for district: Central and Western
2020-12-26 17:33 INFO init
2020-12-26 17:33 INFO read_data
2020-12-26 17:33 INFO init
2020-12-26 17:33 INFO read_data
2020-12-26 17:34 INFO Generate hk daily case line chart
2020-12-26 17:34 INFO Generate hk cumulative case line chart
2020-12-26 17:34 INFO Generate hk case admission pie chart
2020-12-26 17:34 INFO Generate all district data 
2020-12-26 17:34 INFO Generate daily case for district: Central and Western
2020-12-26 17:34 INFO Generate cumulative case for district: Central and Western
2020-12-26 17:34 INFO Generate danger zone for district: Central and Western
2020-12-26 17:34 INFO Generate danger zone animation for district: Central and Western
2020-12-26 17:35 INFO Generate daily case for district: Eastern
2020-12-26 17:35 INFO Generate cumulative case for district: Eastern
2020-12-26 17:35 INFO Generate danger zone for district: Eastern
2020-12-26 17:35 INFO Generate danger zone animation for district: Eastern
2020-12-26 17:36 INFO init
2020-12-26 17:36 INFO read_data
2020-12-26 17:36 INFO Generate hk daily case line chart
2020-12-26 17:36 INFO Generate hk cumulative case line chart
2020-12-26 17:36 INFO Generate hk case admission pie chart
2020-12-26 17:36 INFO Generate all district data 
2020-12-26 17:36 INFO Generate daily case for district: Central and Western
2020-12-26 17:36 INFO Generate cumulative case for district: Central and Western
2020-12-26 17:36 INFO Generate danger zone for district: Central and Western
2020-12-26 17:36 INFO Generate danger zone animation for district: Central and Western
2020-12-26 17:37 INFO Generate daily case for district: Eastern
2020-12-26 17:37 INFO Generate cumulative case for district: Eastern
2020-12-26 17:37 INFO Generate danger zone for district: Eastern
2020-12-26 17:37 INFO Generate danger zone animation for district: Eastern
2020-12-26 17:39 INFO Generate daily case for district: Southern
2020-12-26 17:39 INFO Generate cumulative case for district: Southern
2020-12-26 17:39 INFO Generate danger zone for district: Southern
2020-12-26 17:39 INFO Generate danger zone animation for district: Southern
2020-12-26 17:40 INFO Generate daily case for district: Wan Chai
2020-12-26 17:40 INFO Generate cumulative case for district: Wan Chai
2020-12-26 17:40 INFO Generate danger zone for district: Wan Chai
2020-12-26 17:40 INFO Generate danger zone animation for district: Wan Chai
2020-12-26 17:41 INFO Generate daily case for district: Kowloon City
2020-12-26 17:41 INFO Generate cumulative case for district: Kowloon City
2020-12-26 17:41 INFO Generate danger zone for district: Kowloon City
2020-12-26 17:41 INFO Generate danger zone animation for district: Kowloon City
2020-12-26 17:43 INFO Generate daily case for district: Kwun Tong
2020-12-26 17:43 INFO Generate cumulative case for district: Kwun Tong
2020-12-26 17:43 INFO Generate danger zone for district: Kwun Tong
2020-12-26 17:43 INFO Generate danger zone animation for district: Kwun Tong
2020-12-26 17:44 INFO Generate daily case for district: Sham Shui Po
2020-12-26 17:44 INFO Generate cumulative case for district: Sham Shui Po
2020-12-26 17:44 INFO Generate danger zone for district: Sham Shui Po
2020-12-26 17:44 INFO Generate danger zone animation for district: Sham Shui Po
2020-12-26 17:46 INFO init
2020-12-26 17:46 INFO read_data
2020-12-26 17:46 INFO Generate hk daily case line chart
2020-12-26 17:46 INFO Generate hk cumulative case line chart
2020-12-26 17:46 INFO Generate hk case admission pie chart
2020-12-26 17:46 INFO Generate all district data 
2020-12-26 17:46 INFO Generate daily case for district: Central and Western
2020-12-26 17:46 INFO Generate cumulative case for district: Central and Western
2020-12-26 17:46 INFO Generate danger zone for district: Central and Western
2020-12-26 17:46 INFO Generate danger zone animation for district: Central and Western
2020-12-26 17:48 INFO Generate daily case for district: Eastern
2020-12-26 17:48 INFO Generate cumulative case for district: Eastern
2020-12-26 17:48 INFO Generate danger zone for district: Eastern
2020-12-26 17:48 INFO Generate danger zone animation for district: Eastern
2020-12-26 17:49 INFO Generate daily case for district: Southern
2020-12-26 17:49 INFO Generate cumulative case for district: Southern
2020-12-26 17:49 INFO Generate danger zone for district: Southern
2020-12-26 17:49 INFO Generate danger zone animation for district: Southern
2020-12-26 17:50 INFO Generate daily case for district: Wan Chai
2020-12-26 17:50 INFO Generate cumulative case for district: Wan Chai
2020-12-26 17:50 INFO Generate danger zone for district: Wan Chai
2020-12-26 17:50 INFO Generate danger zone animation for district: Wan Chai
2020-12-26 17:52 INFO Generate daily case for district: Kowloon City
2020-12-26 17:52 INFO Generate cumulative case for district: Kowloon City
2020-12-26 17:52 INFO Generate danger zone for district: Kowloon City
2020-12-26 17:52 INFO Generate danger zone animation for district: Kowloon City
2020-12-26 17:53 INFO Generate daily case for district: Kwun Tong
2020-12-26 17:53 INFO Generate cumulative case for district: Kwun Tong
2020-12-26 17:53 INFO Generate danger zone for district: Kwun Tong
2020-12-26 17:53 INFO Generate danger zone animation for district: Kwun Tong
2020-12-26 17:54 INFO Generate daily case for district: Sham Shui Po
2020-12-26 17:54 INFO Generate cumulative case for district: Sham Shui Po
2020-12-26 17:54 INFO Generate danger zone for district: Sham Shui Po
2020-12-26 17:54 INFO Generate danger zone animation for district: Sham Shui Po
2020-12-26 17:56 INFO Generate daily case for district: Wong Tai Sin
2020-12-26 17:56 INFO Generate cumulative case for district: Wong Tai Sin
2020-12-26 17:56 INFO Generate danger zone for district: Wong Tai Sin
2020-12-26 17:56 INFO Generate danger zone animation for district: Wong Tai Sin
2020-12-26 17:57 INFO Generate daily case for district: Yau Tsim Mong
2020-12-26 17:57 INFO Generate cumulative case for district: Yau Tsim Mong
2020-12-26 17:57 INFO Generate danger zone for district: Yau Tsim Mong
2020-12-26 17:57 INFO Generate danger zone animation for district: Yau Tsim Mong
2020-12-26 17:58 INFO Generate daily case for district: Islands
2020-12-26 17:58 INFO Generate cumulative case for district: Islands
2020-12-26 17:58 INFO Generate danger zone for district: Islands
2020-12-26 17:58 INFO Generate danger zone animation for district: Islands
2020-12-26 17:59 INFO Generate daily case for district: Kwai Tsing
2020-12-26 17:59 INFO Generate cumulative case for district: Kwai Tsing
2020-12-26 17:59 INFO Generate danger zone for district: Kwai Tsing
2020-12-26 17:59 INFO Generate danger zone animation for district: Kwai Tsing
2020-12-26 18:01 INFO Generate daily case for district: North
2020-12-26 18:01 INFO Generate cumulative case for district: North
2020-12-26 18:01 INFO Generate danger zone for district: North
2020-12-26 18:01 INFO Generate danger zone animation for district: North
2020-12-26 18:02 INFO Generate daily case for district: Sai Kung
2020-12-26 18:02 INFO Generate cumulative case for district: Sai Kung
2020-12-26 18:02 INFO Generate danger zone for district: Sai Kung
2020-12-26 18:02 INFO Generate danger zone animation for district: Sai Kung
2020-12-26 18:03 INFO Generate daily case for district: Sha Tin
2020-12-26 18:03 INFO Generate cumulative case for district: Sha Tin
2020-12-26 18:03 INFO Generate danger zone for district: Sha Tin
2020-12-26 18:03 INFO Generate danger zone animation for district: Sha Tin
2020-12-26 18:05 INFO Generate daily case for district: Tai Po
2020-12-26 18:05 INFO Generate cumulative case for district: Tai Po
2020-12-26 18:05 INFO Generate danger zone for district: Tai Po
2020-12-26 18:05 INFO Generate danger zone animation for district: Tai Po
2020-12-26 18:06 INFO Generate daily case for district: Tsuen Wan
2020-12-26 18:06 INFO Generate cumulative case for district: Tsuen Wan
2020-12-26 18:06 INFO Generate danger zone for district: Tsuen Wan
2020-12-26 18:06 INFO Generate danger zone animation for district: Tsuen Wan
2020-12-26 18:07 INFO Generate daily case for district: Tuen Mun
2020-12-26 18:07 INFO Generate cumulative case for district: Tuen Mun
2020-12-26 18:07 INFO Generate danger zone for district: Tuen Mun
2020-12-26 18:07 INFO Generate danger zone animation for district: Tuen Mun
2020-12-26 18:09 INFO Generate daily case for district: Yuen Long
2020-12-26 18:09 INFO Generate cumulative case for district: Yuen Long
2020-12-26 18:09 INFO Generate danger zone for district: Yuen Long
2020-12-26 18:09 INFO Generate danger zone animation for district: Yuen Long
2020-12-26 18:10 INFO Generate all district case number.
2020-12-26 18:10 ERROR Exception occurred when running.
Traceback (most recent call last):
  File "./batch.py", line 566, in main
    gen_district_case_num(batch_date, df_case, batch_out_dir)
  File "./batch.py", line 510, in gen_district_case_num
    pd.concat([today_rank, day7_rank, day14_rank], axis=1)
NameError: name 'today_rank' is not defined
2020-12-27 15:12 INFO init
2020-12-27 15:12 INFO read_data
2020-12-27 15:13 INFO init
2020-12-27 15:13 INFO read_data
2020-12-27 15:13 INFO Generate hk daily case line chart
2020-12-27 15:13 INFO Generate hk cumulative case line chart
2020-12-27 15:13 INFO Generate hk case admission pie chart
2020-12-27 15:13 INFO Generate hk danger zone
2020-12-27 15:14 INFO Generate all district data 
2020-12-27 15:14 INFO Generate daily case for district: Central and Western
2020-12-27 15:15 INFO Generate cumulative case for district: Central and Western
2020-12-27 15:15 INFO Generate danger zone for district: Central and Western
2020-12-27 15:15 INFO Generate danger zone animation for district: Central and Western
2020-12-27 15:16 INFO Generate daily case for district: Eastern
2020-12-27 15:16 INFO Generate cumulative case for district: Eastern
2020-12-27 15:16 INFO Generate danger zone for district: Eastern
2020-12-27 15:16 INFO Generate danger zone animation for district: Eastern
2020-12-27 15:17 INFO Generate daily case for district: Southern
2020-12-27 15:17 INFO Generate cumulative case for district: Southern
2020-12-27 15:17 INFO Generate danger zone for district: Southern
2020-12-27 15:17 INFO Generate danger zone animation for district: Southern
2020-12-27 15:19 INFO Generate daily case for district: Wan Chai
2020-12-27 15:19 INFO Generate cumulative case for district: Wan Chai
2020-12-27 15:19 INFO Generate danger zone for district: Wan Chai
2020-12-27 15:19 INFO Generate danger zone animation for district: Wan Chai
2020-12-27 15:20 INFO Generate daily case for district: Kowloon City
2020-12-27 15:20 INFO Generate cumulative case for district: Kowloon City
2020-12-27 15:20 INFO Generate danger zone for district: Kowloon City
2020-12-27 15:20 INFO Generate danger zone animation for district: Kowloon City
2020-12-27 15:22 INFO Generate daily case for district: Kwun Tong
2020-12-27 15:22 INFO Generate cumulative case for district: Kwun Tong
2020-12-27 15:22 INFO Generate danger zone for district: Kwun Tong
2020-12-27 15:22 INFO Generate danger zone animation for district: Kwun Tong
2020-12-27 15:23 INFO Generate daily case for district: Sham Shui Po
2020-12-27 15:23 INFO Generate cumulative case for district: Sham Shui Po
2020-12-27 15:23 INFO Generate danger zone for district: Sham Shui Po
2020-12-27 15:23 INFO Generate danger zone animation for district: Sham Shui Po
2020-12-27 15:25 INFO Generate daily case for district: Wong Tai Sin
2020-12-27 15:25 INFO Generate cumulative case for district: Wong Tai Sin
2020-12-27 15:25 INFO Generate danger zone for district: Wong Tai Sin
2020-12-27 15:25 INFO Generate danger zone animation for district: Wong Tai Sin
2020-12-27 15:26 INFO Generate daily case for district: Yau Tsim Mong
2020-12-27 15:26 INFO Generate cumulative case for district: Yau Tsim Mong
2020-12-27 15:26 INFO Generate danger zone for district: Yau Tsim Mong
2020-12-27 15:26 INFO Generate danger zone animation for district: Yau Tsim Mong
2020-12-27 15:27 INFO Generate daily case for district: Islands
2020-12-27 15:27 INFO Generate cumulative case for district: Islands
2020-12-27 15:27 INFO Generate danger zone for district: Islands
2020-12-27 15:27 INFO Generate danger zone animation for district: Islands
2020-12-27 15:29 INFO Generate daily case for district: Kwai Tsing
2020-12-27 15:29 INFO Generate cumulative case for district: Kwai Tsing
2020-12-27 15:29 INFO Generate danger zone for district: Kwai Tsing
2020-12-27 15:29 INFO Generate danger zone animation for district: Kwai Tsing
2020-12-27 15:30 INFO Generate daily case for district: North
2020-12-27 15:30 INFO Generate cumulative case for district: North
2020-12-27 15:30 INFO Generate danger zone for district: North
2020-12-27 15:30 INFO Generate danger zone animation for district: North
2020-12-27 15:32 INFO Generate daily case for district: Sai Kung
2020-12-27 15:32 INFO Generate cumulative case for district: Sai Kung
2020-12-27 15:32 INFO Generate danger zone for district: Sai Kung
2020-12-27 15:32 INFO Generate danger zone animation for district: Sai Kung
2020-12-27 15:33 INFO Generate daily case for district: Sha Tin
2020-12-27 15:33 INFO Generate cumulative case for district: Sha Tin
2020-12-27 15:33 INFO Generate danger zone for district: Sha Tin
2020-12-27 15:33 INFO Generate danger zone animation for district: Sha Tin
2020-12-27 15:35 INFO Generate daily case for district: Tai Po
2020-12-27 15:35 INFO Generate cumulative case for district: Tai Po
2020-12-27 15:35 INFO Generate danger zone for district: Tai Po
2020-12-27 15:35 INFO Generate danger zone animation for district: Tai Po
2020-12-27 15:36 INFO Generate daily case for district: Tsuen Wan
2020-12-27 15:36 INFO Generate cumulative case for district: Tsuen Wan
2020-12-27 15:36 INFO Generate danger zone for district: Tsuen Wan
2020-12-27 15:36 INFO Generate danger zone animation for district: Tsuen Wan
2020-12-27 15:38 INFO Generate daily case for district: Tuen Mun
2020-12-27 15:38 INFO Generate cumulative case for district: Tuen Mun
2020-12-27 15:38 INFO Generate danger zone for district: Tuen Mun
2020-12-27 15:38 INFO Generate danger zone animation for district: Tuen Mun
2020-12-27 15:39 INFO Generate daily case for district: Yuen Long
2020-12-27 15:39 INFO Generate cumulative case for district: Yuen Long
2020-12-27 15:39 INFO Generate danger zone for district: Yuen Long
2020-12-27 15:39 INFO Generate danger zone animation for district: Yuen Long
2020-12-27 15:41 INFO Generate all district case number.
2020-12-27 15:41 INFO Generate hospitalize case summary.
2020-12-27 15:41 ERROR Exception occurred when running.
Traceback (most recent call last):
  File "./batch.py", line 567, in main
    gen_hospitalize_case_summary(batch_date, df_case, batch_out_dir)
  File "./batch.py", line 521, in gen_hospitalize_case_summary
    is_deceased = data_master['status'] == 'deceased'
NameError: name 'data_master' is not defined
2020-12-27 20:12 INFO init
2020-12-27 20:12 INFO read_data
2020-12-27 20:13 INFO Generate hospitalize case summary.
2020-12-27 20:45 INFO init
2020-12-27 20:45 INFO read_data
2020-12-27 20:46 INFO Generate all district case number.
2020-12-27 20:46 INFO Generate hospitalize case summary.
2020-12-27 22:03 INFO init
2020-12-27 22:03 INFO read_data
2020-12-27 22:05 INFO Generate all district case number.
2020-12-27 22:05 ERROR Exception occurred when running.
Traceback (most recent call last):
  File "./batch.py", line 575, in main
    gen_district_case_num(batch_date, df_case, batch_out_dir)
  File "./batch.py", line 513, in gen_district_case_num
    rank_concat.to_json(output_path, index=True)
  File "C:\Users\ymlai\Anaconda3\lib\site-packages\pandas\core\generic.py", line 1891, in to_json
    index=index)
  File "C:\Users\ymlai\Anaconda3\lib\site-packages\pandas\io\json\json.py", line 64, in to_json
    fh, handles = _get_handle(path_or_buf, 'w', compression=compression)
  File "C:\Users\ymlai\Anaconda3\lib\site-packages\pandas\io\common.py", line 403, in _get_handle
    f = open(path_or_buf, mode, errors='replace')
PermissionError: [Errno 13] Permission denied: './out\\2020-12-26\\rank_concat.csv'
2020-12-27 22:05 INFO init
2020-12-27 22:05 INFO read_data
2020-12-27 22:07 INFO Generate all district case number.
2020-12-27 22:07 INFO Generate hospitalize case summary.
2020-12-27 22:07 ERROR Exception occurred when running.
Traceback (most recent call last):
  File "./batch.py", line 576, in main
    gen_hospitalize_case_summary(batch_date, df_case, batch_out_dir)
  File "./batch.py", line 541, in gen_hospitalize_case_summary
    result = Object()
NameError: name 'Object' is not defined
2020-12-27 22:09 INFO init
2020-12-27 22:09 INFO read_data
2020-12-27 22:10 INFO Generate all district case number.
2020-12-27 22:10 INFO Generate hospitalize case summary.
2020-12-27 22:10 ERROR Exception occurred when running.
Traceback (most recent call last):
  File "./batch.py", line 578, in main
    gen_hospitalize_case_summary(batch_date, df_case, batch_out_dir)
  File "./batch.py", line 543, in gen_hospitalize_case_summary
    result = Object()
NameError: name 'Object' is not defined
2020-12-27 22:15 INFO init
2020-12-27 22:15 INFO read_data
2020-12-27 22:15 INFO Generate all district case number.
2020-12-27 22:15 INFO Generate hospitalize case summary.
2020-12-27 22:15 ERROR Exception occurred when running.
Traceback (most recent call last):
  File "./batch.py", line 574, in main
    gen_hospitalize_case_summary(batch_date, df_case, batch_out_dir)
  File "./batch.py", line 548, in gen_hospitalize_case_summary
    f.write(result.toJSON())
AttributeError: 'dict' object has no attribute 'toJSON'
2020-12-27 22:26 INFO init
2020-12-27 22:26 INFO read_data
2020-12-27 22:27 INFO init
2020-12-27 22:27 INFO read_data
2020-12-27 22:28 INFO Generate all district case number.
2020-12-27 22:28 ERROR Exception occurred when running.
Traceback (most recent call last):
  File "./batch.py", line 574, in main
    gen_district_case_num(batch_date, df_case, batch_out_dir)
  File "./batch.py", line 514, in gen_district_case_num
    rank_concat = rank_concat.T()
TypeError: 'DataFrame' object is not callable
2020-12-27 22:29 INFO init
2020-12-27 22:29 INFO read_data
2020-12-27 22:30 INFO Generate all district case number.
2020-12-27 22:30 INFO Generate hospitalize case summary.
2020-12-30 03:41 INFO init
2020-12-30 03:41 INFO Batch process start
2020-12-30 03:41 INFO read_data
2020-12-30 03:42 INFO Generate hk daily case line chart
2020-12-30 03:42 INFO Generate hk cumulative case line chart
2020-12-30 03:42 INFO Generate hk case admission pie chart
2020-12-30 03:42 INFO Generate hk danger zone
2020-12-30 03:44 INFO init
2020-12-30 03:44 INFO Batch process start
2020-12-30 03:44 INFO read_data
2020-12-30 03:44 INFO Generate hk daily case line chart
2020-12-30 03:44 INFO Generate hk cumulative case line chart
2020-12-30 03:44 INFO Generate hk case admission pie chart
2020-12-30 03:44 INFO Generate hk danger zone
2020-12-30 03:45 ERROR Batch process end unexpectedly with an exception.
Traceback (most recent call last):
  File "batch.py", line 651, in main
    gen_hk_danger_zones(batch_date, 7, df_loc, batch_out_dir)
  File "batch.py", line 373, in gen_hk_danger_zones
    output_path =  os.path.join(batch_out_dir, pageIdx + '-A.png')
TypeError: unsupported operand type(s) for +: 'int' and 'str'
2020-12-30 03:45 INFO init
2020-12-30 03:45 INFO Batch process start
2020-12-30 03:45 INFO read_data
2020-12-30 03:46 INFO init
2020-12-30 03:46 INFO Batch process start
2020-12-30 03:46 INFO read_data
2020-12-30 03:46 INFO Generate hk daily case line chart
2020-12-30 03:46 INFO Generate hk cumulative case line chart
2020-12-30 03:46 INFO Generate hk case admission pie chart
2020-12-30 03:46 INFO Generate hk danger zone
2020-12-30 03:48 INFO Generate all district data 
2020-12-30 03:48 ERROR Batch process end unexpectedly with an exception.
Traceback (most recent call last):
  File "batch.py", line 653, in main
    gen_district_data(batch_date, df_case, df_loc, batch_out_dir)
  File "batch.py", line 639, in gen_district_data
    gen_district_cum_case2(batch_date, i, df_case, batch_out_dir)
  File "batch.py", line 475, in gen_district_cum_case2
    output_path =  os.path.join(batch_out_dir, cur_district, "cumulative_case.png")
NameError: name 'cur_district' is not defined
2020-12-30 03:51 INFO init
2020-12-30 03:51 INFO Batch process start
2020-12-30 03:51 INFO read_data
2020-12-30 03:51 INFO Generate hk daily case line chart
2020-12-30 03:51 INFO Generate hk cumulative case line chart
2020-12-30 03:51 INFO Generate hk case admission pie chart
2020-12-30 03:51 INFO Generate hk danger zone
2020-12-30 03:53 INFO Generate all district data 
2020-12-30 03:53 ERROR Batch process end unexpectedly with an exception.
Traceback (most recent call last):
  File "batch.py", line 662, in main
    gen_district_data(batch_date, df_case, df_loc, batch_out_dir)
  File "batch.py", line 648, in gen_district_data
    gen_district_cum_case2(batch_date, i, df_case, batch_out_dir)
  File "batch.py", line 441, in gen_district_cum_case2
    cur_district = district_list[idx]
UnboundLocalError: local variable 'idx' referenced before assignment
2020-12-30 03:53 INFO init
2020-12-30 03:53 INFO Batch process start
2020-12-30 03:53 INFO read_data
2020-12-30 03:54 INFO Generate all district data 
2020-12-30 03:54 INFO Generate daily case for district: Central and Western
2020-12-30 03:54 INFO Generate danger zone for district: Central and Western
2020-12-30 03:54 ERROR Batch process end unexpectedly with an exception.
Traceback (most recent call last):
  File "batch.py", line 662, in main
    gen_district_data(batch_date, df_case, df_loc, batch_out_dir)
  File "batch.py", line 649, in gen_district_data
    gen_district_danger_zones(batch_date, i, df_loc, batch_out_dir)
  File "batch.py", line 524, in gen_district_danger_zones
    plt.title(district_zh_list[cur_district_idx] + u'危險地區數目', fontsize=20)
NameError: name 'cur_district_idx' is not defined
2020-12-30 03:55 INFO init
2020-12-30 03:55 INFO Batch process start
2020-12-30 03:55 INFO read_data
2020-12-30 03:55 INFO Generate all district data 
2020-12-30 03:55 INFO Generate daily case for district: Central and Western
2020-12-30 03:55 INFO Generate danger zone for district: Central and Western
2020-12-30 03:55 INFO Generate danger zone animation for district: Central and Western
2020-12-30 03:56 INFO Generate daily case for district: Eastern
2020-12-30 03:56 INFO Generate danger zone for district: Eastern
2020-12-30 03:56 INFO Generate danger zone animation for district: Eastern
2020-12-30 03:58 INFO Generate daily case for district: Southern
2020-12-30 03:58 INFO Generate danger zone for district: Southern
2020-12-30 03:58 INFO Generate danger zone animation for district: Southern
2020-12-30 03:59 INFO Generate daily case for district: Wan Chai
2020-12-30 03:59 INFO Generate danger zone for district: Wan Chai
2020-12-30 03:59 INFO Generate danger zone animation for district: Wan Chai
2020-12-30 04:00 INFO Generate daily case for district: Kowloon City
2020-12-30 04:00 INFO Generate danger zone for district: Kowloon City
2020-12-30 04:00 INFO Generate danger zone animation for district: Kowloon City
2020-12-30 04:02 INFO Generate daily case for district: Kwun Tong
2020-12-30 04:02 INFO Generate danger zone for district: Kwun Tong
2020-12-30 04:02 INFO Generate danger zone animation for district: Kwun Tong
2020-12-30 04:03 INFO Generate daily case for district: Sham Shui Po
2020-12-30 04:03 INFO Generate danger zone for district: Sham Shui Po
2020-12-30 04:03 INFO Generate danger zone animation for district: Sham Shui Po
2020-12-30 04:05 INFO Generate daily case for district: Wong Tai Sin
2020-12-30 04:05 INFO Generate danger zone for district: Wong Tai Sin
2020-12-30 04:05 INFO Generate danger zone animation for district: Wong Tai Sin
2020-12-30 04:06 INFO Generate daily case for district: Yau Tsim Mong
2020-12-30 04:06 INFO Generate danger zone for district: Yau Tsim Mong
2020-12-30 04:06 INFO Generate danger zone animation for district: Yau Tsim Mong
2020-12-30 04:07 INFO Generate daily case for district: Islands
2020-12-30 04:07 INFO Generate danger zone for district: Islands
2020-12-30 04:07 INFO Generate danger zone animation for district: Islands
2020-12-30 04:09 INFO Generate daily case for district: Kwai Tsing
2020-12-30 04:09 INFO Generate danger zone for district: Kwai Tsing
2020-12-30 04:09 INFO Generate danger zone animation for district: Kwai Tsing
2020-12-30 04:10 INFO Generate daily case for district: North
2020-12-30 04:10 INFO Generate danger zone for district: North
2020-12-30 04:10 INFO Generate danger zone animation for district: North
2020-12-30 04:11 INFO Generate daily case for district: Sai Kung
2020-12-30 04:11 INFO Generate danger zone for district: Sai Kung
2020-12-30 04:11 INFO Generate danger zone animation for district: Sai Kung
2020-12-30 04:13 INFO Generate daily case for district: Sha Tin
2020-12-30 04:13 INFO Generate danger zone for district: Sha Tin
2020-12-30 04:13 INFO Generate danger zone animation for district: Sha Tin
2020-12-30 04:14 INFO Generate daily case for district: Tai Po
2020-12-30 04:14 INFO Generate danger zone for district: Tai Po
2020-12-30 04:14 INFO Generate danger zone animation for district: Tai Po
2020-12-30 04:15 INFO Generate daily case for district: Tsuen Wan
2020-12-30 04:15 INFO Generate danger zone for district: Tsuen Wan
2020-12-30 04:15 INFO Generate danger zone animation for district: Tsuen Wan
2020-12-30 04:17 INFO Generate daily case for district: Tuen Mun
2020-12-30 04:17 INFO Generate danger zone for district: Tuen Mun
2020-12-30 04:17 INFO Generate danger zone animation for district: Tuen Mun
2020-12-30 04:18 INFO Generate daily case for district: Yuen Long
2020-12-30 04:18 INFO Generate danger zone for district: Yuen Long
2020-12-30 04:18 INFO Generate danger zone animation for district: Yuen Long
2020-12-30 04:19 INFO Generate all district case number.
2020-12-30 04:19 INFO Generate hospitalize case summary.
2020-12-30 04:19 INFO Batch process end
2020-12-30 04:32 INFO init
2020-12-30 04:32 INFO Batch process start
2020-12-30 04:32 INFO read_data
2020-12-30 04:32 INFO Generate hk daily case line chart
2020-12-30 04:32 INFO Generate hk cumulative case line chart
2020-12-30 04:32 INFO Generate hk case admission pie chart
2020-12-30 04:32 INFO Generate hk danger zone
2020-12-30 04:34 INFO Generate all district data 
2020-12-30 04:34 INFO Generate daily case for district: Central and Western
2020-12-30 04:34 INFO Generate danger zone for district: Central and Western
2020-12-30 04:34 INFO Generate danger zone animation for district: Central and Western
2020-12-30 04:35 INFO Generate daily case for district: Eastern
2020-12-30 04:35 INFO Generate danger zone for district: Eastern
2020-12-30 04:35 INFO Generate danger zone animation for district: Eastern
2020-12-30 04:36 INFO Generate daily case for district: Southern
2020-12-30 04:36 INFO Generate danger zone for district: Southern
2020-12-30 04:36 INFO Generate danger zone animation for district: Southern
2020-12-30 04:38 INFO Generate daily case for district: Wan Chai
2020-12-30 04:38 INFO Generate danger zone for district: Wan Chai
2020-12-30 04:38 INFO Generate danger zone animation for district: Wan Chai
2020-12-30 04:39 INFO Generate daily case for district: Kowloon City
2020-12-30 04:39 INFO Generate danger zone for district: Kowloon City
2020-12-30 04:39 INFO Generate danger zone animation for district: Kowloon City
2020-12-30 04:40 INFO Generate daily case for district: Kwun Tong
2020-12-30 04:40 INFO Generate danger zone for district: Kwun Tong
2020-12-30 04:40 INFO Generate danger zone animation for district: Kwun Tong
2020-12-30 04:42 INFO Generate daily case for district: Sham Shui Po
2020-12-30 04:42 INFO Generate danger zone for district: Sham Shui Po
2020-12-30 04:42 INFO Generate danger zone animation for district: Sham Shui Po
2020-12-30 04:43 INFO Generate daily case for district: Wong Tai Sin
2020-12-30 04:43 INFO Generate danger zone for district: Wong Tai Sin
2020-12-30 04:43 INFO Generate danger zone animation for district: Wong Tai Sin
2020-12-30 04:44 INFO Generate daily case for district: Yau Tsim Mong
2020-12-30 04:44 INFO Generate danger zone for district: Yau Tsim Mong
2020-12-30 04:44 INFO Generate danger zone animation for district: Yau Tsim Mong
2020-12-30 04:46 INFO Generate daily case for district: Islands
2020-12-30 04:46 INFO Generate danger zone for district: Islands
2020-12-30 04:46 INFO Generate danger zone animation for district: Islands
2020-12-30 04:47 INFO Generate daily case for district: Kwai Tsing
2020-12-30 04:47 INFO Generate danger zone for district: Kwai Tsing
2020-12-30 04:47 INFO Generate danger zone animation for district: Kwai Tsing
2020-12-30 04:48 INFO Generate daily case for district: North
2020-12-30 04:48 INFO Generate danger zone for district: North
2020-12-30 04:48 INFO Generate danger zone animation for district: North
2020-12-30 04:50 INFO Generate daily case for district: Sai Kung
2020-12-30 04:50 INFO Generate danger zone for district: Sai Kung
2020-12-30 04:50 INFO Generate danger zone animation for district: Sai Kung
2020-12-30 04:51 INFO Generate daily case for district: Sha Tin
2020-12-30 04:51 INFO Generate danger zone for district: Sha Tin
2020-12-30 04:51 INFO Generate danger zone animation for district: Sha Tin
2020-12-30 04:52 INFO Generate daily case for district: Tai Po
2020-12-30 04:52 INFO Generate danger zone for district: Tai Po
2020-12-30 04:52 INFO Generate danger zone animation for district: Tai Po
2020-12-30 04:54 INFO Generate daily case for district: Tsuen Wan
2020-12-30 04:54 INFO Generate danger zone for district: Tsuen Wan
2020-12-30 04:54 INFO Generate danger zone animation for district: Tsuen Wan
2020-12-30 04:55 INFO Generate daily case for district: Tuen Mun
2020-12-30 04:55 INFO Generate danger zone for district: Tuen Mun
2020-12-30 04:55 INFO Generate danger zone animation for district: Tuen Mun
2020-12-30 04:56 INFO Generate daily case for district: Yuen Long
2020-12-30 04:56 INFO Generate danger zone for district: Yuen Long
2020-12-30 04:56 INFO Generate danger zone animation for district: Yuen Long
2020-12-30 04:58 INFO Generate all district case number.
2020-12-30 04:58 INFO Generate hospitalize case summary.
2020-12-30 04:58 INFO Batch process end
2020-12-30 20:43 INFO init
2020-12-30 20:43 INFO Batch process start
2020-12-30 20:43 INFO read_data
2020-12-30 20:43 INFO Generate hk daily case line chart
2020-12-30 20:43 INFO Generate hk cumulative case line chart
2020-12-30 20:43 INFO Generate hk case admission pie chart
2020-12-30 20:43 INFO Generate hk danger zone
2020-12-30 20:45 INFO Generate all district data 
2020-12-30 20:45 INFO Generate daily case for district: Central and Western
2020-12-30 20:45 ERROR Batch process end unexpectedly with an exception.
Traceback (most recent call last):
  File "batch.py", line 663, in main
    gen_district_data(batch_date, df_case, df_loc, batch_out_dir)
  File "batch.py", line 649, in gen_district_data
    gen_district_cum_case2(batch_date, i, df_case, batch_out_dir)
  File "batch.py", line 449, in gen_district_cum_case2
    in_district = (df_case['citizenship_district_en']  == district2)
NameError: name 'district2' is not defined
2020-12-30 20:45 INFO init
2020-12-30 20:45 INFO Batch process start
2020-12-30 20:45 INFO read_data
2020-12-30 20:46 INFO Generate hk daily case line chart
2020-12-30 20:46 INFO Generate hk cumulative case line chart
2020-12-30 20:46 INFO Generate hk case admission pie chart
2020-12-30 20:46 INFO Generate hk danger zone
2020-12-30 20:47 INFO Generate all district data 
2020-12-30 20:47 INFO Generate daily case for district: Central and Western
2020-12-30 20:47 INFO Generate danger zone for district: Central and Western
2020-12-30 20:47 INFO Generate danger zone animation for district: Central and Western
2020-12-30 20:49 INFO Generate daily case for district: Eastern
2020-12-30 20:49 INFO Generate danger zone for district: Eastern
2020-12-30 20:49 INFO Generate danger zone animation for district: Eastern
2020-12-30 20:50 INFO Generate daily case for district: Southern
2020-12-30 20:50 INFO Generate danger zone for district: Southern
2020-12-30 20:50 INFO Generate danger zone animation for district: Southern
2020-12-30 20:52 INFO Generate daily case for district: Wan Chai
2020-12-30 20:52 INFO Generate danger zone for district: Wan Chai
2020-12-30 20:52 INFO Generate danger zone animation for district: Wan Chai
2020-12-30 20:53 INFO Generate daily case for district: Kowloon City
2020-12-30 20:53 INFO Generate danger zone for district: Kowloon City
2020-12-30 20:53 INFO Generate danger zone animation for district: Kowloon City
2020-12-30 20:54 INFO Generate daily case for district: Kwun Tong
2020-12-30 20:54 INFO Generate danger zone for district: Kwun Tong
2020-12-30 20:54 INFO Generate danger zone animation for district: Kwun Tong
2020-12-30 20:56 INFO Generate daily case for district: Sham Shui Po
2020-12-30 20:56 INFO Generate danger zone for district: Sham Shui Po
2020-12-30 20:56 INFO Generate danger zone animation for district: Sham Shui Po
2020-12-30 20:57 INFO Generate daily case for district: Wong Tai Sin
2020-12-30 20:57 INFO Generate danger zone for district: Wong Tai Sin
2020-12-30 20:57 INFO Generate danger zone animation for district: Wong Tai Sin
2020-12-30 20:59 INFO Generate daily case for district: Yau Tsim Mong
2020-12-30 20:59 INFO Generate danger zone for district: Yau Tsim Mong
2020-12-30 20:59 INFO Generate danger zone animation for district: Yau Tsim Mong
2020-12-30 21:00 INFO Generate daily case for district: Islands
2020-12-30 21:00 INFO Generate danger zone for district: Islands
2020-12-30 21:00 INFO Generate danger zone animation for district: Islands
2020-12-30 21:01 INFO Generate daily case for district: Kwai Tsing
2020-12-30 21:01 INFO Generate danger zone for district: Kwai Tsing
2020-12-30 21:01 INFO Generate danger zone animation for district: Kwai Tsing
2020-12-30 21:03 INFO Generate daily case for district: North
2020-12-30 21:03 INFO Generate danger zone for district: North
2020-12-30 21:03 INFO Generate danger zone animation for district: North
2020-12-30 21:04 INFO Generate daily case for district: Sai Kung
2020-12-30 21:04 INFO Generate danger zone for district: Sai Kung
2020-12-30 21:04 INFO Generate danger zone animation for district: Sai Kung
2020-12-30 21:06 INFO Generate daily case for district: Sha Tin
2020-12-30 21:06 INFO Generate danger zone for district: Sha Tin
2020-12-30 21:06 INFO Generate danger zone animation for district: Sha Tin
2020-12-30 21:07 INFO Generate daily case for district: Tai Po
2020-12-30 21:07 INFO Generate danger zone for district: Tai Po
2020-12-30 21:07 INFO Generate danger zone animation for district: Tai Po
2020-12-30 21:08 INFO Generate daily case for district: Tsuen Wan
2020-12-30 21:08 INFO Generate danger zone for district: Tsuen Wan
2020-12-30 21:08 INFO Generate danger zone animation for district: Tsuen Wan
2020-12-30 21:10 INFO Generate daily case for district: Tuen Mun
2020-12-30 21:10 INFO Generate danger zone for district: Tuen Mun
2020-12-30 21:10 INFO Generate danger zone animation for district: Tuen Mun
2020-12-30 21:11 INFO Generate daily case for district: Yuen Long
2020-12-30 21:11 INFO Generate danger zone for district: Yuen Long
2020-12-30 21:11 INFO Generate danger zone animation for district: Yuen Long
2020-12-30 21:13 INFO Generate all district case number.
2020-12-30 21:13 ERROR Batch process end unexpectedly with an exception.
Traceback (most recent call last):
  File "batch.py", line 662, in main
    gen_district_case_num(batch_date, df_case, batch_out_dir)
  File "batch.py", line 566, in gen_district_case_num
    today_rank = df_by_date.groupby('citizenship_district_en').size()
  File "C:\Users\ymlai\Anaconda3\lib\site-packages\pandas\core\groupby\groupby.py", line 1394, in size
    result = self.grouper.size()
  File "C:\Users\ymlai\Anaconda3\lib\site-packages\pandas\core\groupby\groupby.py", line 2316, in size
    dtype='int64')
  File "C:\Users\ymlai\Anaconda3\lib\site-packages\pandas\core\series.py", line 262, in __init__
    .format(val=len(data), ind=len(index)))
ValueError: Length of passed values is 54, index implies 0
2020-12-31 07:41 INFO init
2020-12-31 07:41 INFO Batch process start
2020-12-31 07:41 INFO read_data
2020-12-31 07:41 INFO Generate hk daily case line chart
2020-12-31 07:41 INFO Generate hk cumulative case line chart
2020-12-31 07:41 INFO Generate hk case admission pie chart
2020-12-31 07:41 INFO Generate hk danger zone
2020-12-31 07:43 INFO Generate all district data 
2020-12-31 07:43 INFO Generate daily case for district: Central and Western
2020-12-31 07:43 INFO Generate danger zone for district: Central and Western
2020-12-31 07:43 INFO Generate danger zone animation for district: Central and Western
2020-12-31 07:44 INFO Generate daily case for district: Eastern
2020-12-31 07:44 INFO Generate danger zone for district: Eastern
2020-12-31 07:44 INFO Generate danger zone animation for district: Eastern
2020-12-31 07:45 INFO Generate daily case for district: Southern
2020-12-31 07:45 INFO Generate danger zone for district: Southern
2020-12-31 07:45 INFO Generate danger zone animation for district: Southern
2020-12-31 07:47 INFO Generate daily case for district: Wan Chai
2020-12-31 07:47 INFO Generate danger zone for district: Wan Chai
2020-12-31 07:47 INFO Generate danger zone animation for district: Wan Chai
2020-12-31 07:48 INFO Generate daily case for district: Kowloon City
2020-12-31 07:48 INFO Generate danger zone for district: Kowloon City
2020-12-31 07:48 INFO Generate danger zone animation for district: Kowloon City
2020-12-31 07:49 INFO Generate daily case for district: Kwun Tong
2020-12-31 07:49 INFO Generate danger zone for district: Kwun Tong
2020-12-31 07:49 INFO Generate danger zone animation for district: Kwun Tong
2020-12-31 07:51 INFO Generate daily case for district: Sham Shui Po
2020-12-31 07:51 INFO Generate danger zone for district: Sham Shui Po
2020-12-31 07:51 INFO Generate danger zone animation for district: Sham Shui Po
2020-12-31 07:52 INFO Generate daily case for district: Wong Tai Sin
2020-12-31 07:52 INFO Generate danger zone for district: Wong Tai Sin
2020-12-31 07:52 INFO Generate danger zone animation for district: Wong Tai Sin
2020-12-31 07:53 INFO Generate daily case for district: Yau Tsim Mong
2020-12-31 07:53 INFO Generate danger zone for district: Yau Tsim Mong
2020-12-31 07:53 INFO Generate danger zone animation for district: Yau Tsim Mong
2020-12-31 07:55 INFO Generate daily case for district: Islands
2020-12-31 07:55 INFO Generate danger zone for district: Islands
2020-12-31 07:55 INFO Generate danger zone animation for district: Islands
2020-12-31 07:56 INFO Generate daily case for district: Kwai Tsing
2020-12-31 07:56 INFO Generate danger zone for district: Kwai Tsing
2020-12-31 07:56 INFO Generate danger zone animation for district: Kwai Tsing
2020-12-31 07:57 INFO Generate daily case for district: North
2020-12-31 07:57 INFO Generate danger zone for district: North
2020-12-31 07:57 INFO Generate danger zone animation for district: North
2020-12-31 07:59 INFO Generate daily case for district: Sai Kung
2020-12-31 07:59 INFO Generate danger zone for district: Sai Kung
2020-12-31 07:59 INFO Generate danger zone animation for district: Sai Kung
2020-12-31 08:00 INFO Generate daily case for district: Sha Tin
2020-12-31 08:00 INFO Generate danger zone for district: Sha Tin
2020-12-31 08:00 INFO Generate danger zone animation for district: Sha Tin
2020-12-31 08:01 INFO Generate daily case for district: Tai Po
2020-12-31 08:01 INFO Generate danger zone for district: Tai Po
2020-12-31 08:01 INFO Generate danger zone animation for district: Tai Po
2020-12-31 08:03 INFO Generate daily case for district: Tsuen Wan
2020-12-31 08:03 INFO Generate danger zone for district: Tsuen Wan
2020-12-31 08:03 INFO Generate danger zone animation for district: Tsuen Wan
2020-12-31 08:04 INFO Generate daily case for district: Tuen Mun
2020-12-31 08:04 INFO Generate danger zone for district: Tuen Mun
2020-12-31 08:04 INFO Generate danger zone animation for district: Tuen Mun
2020-12-31 08:05 INFO Generate daily case for district: Yuen Long
2020-12-31 08:05 INFO Generate danger zone for district: Yuen Long
2020-12-31 08:05 INFO Generate danger zone animation for district: Yuen Long
2020-12-31 08:07 INFO Generate all district case number.
2020-12-31 08:07 INFO Generate hospitalize case summary.
2020-12-31 08:07 INFO Batch process end
